<?xml version="1.0" encoding="UTF-8"?>
<testng-results ignored="0" total="1" passed="1" failed="0" skipped="0">
  <reporter-output>
  </reporter-output>
  <suite started-at="2020-07-07T16:46:15 GMT-04:00" name="t2" finished-at="2020-07-07T16:46:27 GMT-04:00" duration-ms="11788">
    <groups>
    </groups>
    <test started-at="2020-07-07T16:46:15 GMT-04:00" name="Command line test" finished-at="2020-07-07T16:46:27 GMT-04:00" duration-ms="11788">
      <class name="t2">
        <test-method signature="login()[pri:0, instance:t2@46238e3f]" started-at="2020-07-07T16:46:15 GMT-04:00" name="login" finished-at="2020-07-07T16:46:27 GMT-04:00" duration-ms="11768" status="PASS">
          <reporter-output>
          </reporter-output>
        </test-method> <!-- login -->
      </class> <!-- t2 -->
    </test> <!-- Command line test -->
  </suite> <!-- t2 -->
</testng-results>
